Loading XTTS model 'tts_models/multilingual/multi-dataset/xtts_v2' on cpu...
XTTS model ready.
XTTS local server running at http://127.0.0.1:5003/synthesize
Loading XTTS model 'tts_models/multilingual/multi-dataset/xtts_v2' on cpu...
XTTS synthesis failed:
Traceback (most recent call last):
  File "C:\New folder (9)\New folder\Major_Project\.xtts-venv\lib\site-packages\torchaudio\_torchcodec.py", line 82, in load_with_torchcodec
    from torchcodec.decoders import AudioDecoder
ModuleNotFoundError: No module named 'torchcodec'

The above exception was the direct cause of the following exception:

Traceback (most recent call last):
  File "C:\New folder (9)\New folder\Major_Project\server\tools\xtts_local_server.py", line 90, in do_POST
    TTS_ENGINE.tts_to_file(
  File "C:\New folder (9)\New folder\Major_Project\.xtts-venv\lib\site-packages\TTS\api.py", line 334, in tts_to_file
    wav = self.tts(
  File "C:\New folder (9)\New folder\Major_Project\.xtts-venv\lib\site-packages\TTS\api.py", line 276, in tts
    wav = self.synthesizer.tts(
  File "C:\New folder (9)\New folder\Major_Project\.xtts-venv\lib\site-packages\TTS\utils\synthesizer.py", line 386, in tts
    outputs = self.tts_model.synthesize(
  File "C:\New folder (9)\New folder\Major_Project\.xtts-venv\lib\site-packages\TTS\tts\models\xtts.py", line 419, in synthesize
    return self.full_inference(text, speaker_wav, language, **settings)
  File "C:\New folder (9)\New folder\Major_Project\.xtts-venv\lib\site-packages\torch\utils\_contextlib.py", line 124, in decorate_context
    return func(*args, **kwargs)
  File "C:\New folder (9)\New folder\Major_Project\.xtts-venv\lib\site-packages\TTS\tts\models\xtts.py", line 480, in full_inference
    (gpt_cond_latent, speaker_embedding) = self.get_conditioning_latents(
  File "C:\New folder (9)\New folder\Major_Project\.xtts-venv\lib\site-packages\torch\utils\_contextlib.py", line 124, in decorate_context
    return func(*args, **kwargs)
  File "C:\New folder (9)\New folder\Major_Project\.xtts-venv\lib\site-packages\TTS\tts\models\xtts.py", line 357, in get_conditioning_latents
    audio = load_audio(file_path, load_sr)
  File "C:\New folder (9)\New folder\Major_Project\.xtts-venv\lib\site-packages\TTS\tts\models\xtts.py", line 73, in load_audio
    audio, lsr = torchaudio.load(audiopath)
  File "C:\New folder (9)\New folder\Major_Project\.xtts-venv\lib\site-packages\torchaudio\__init__.py", line 86, in load
    return load_with_torchcodec(
  File "C:\New folder (9)\New folder\Major_Project\.xtts-venv\lib\site-packages\torchaudio\_torchcodec.py", line 84, in load_with_torchcodec
    raise ImportError(
ImportError: TorchCodec is required for load_with_torchcodec. Please install torchcodec to use this function.
Loading XTTS model 'tts_models/multilingual/multi-dataset/xtts_v2' on cpu...
XTTS synthesis failed:
Traceback (most recent call last):
  File "C:\New folder (9)\New folder\Major_Project\server\tools\xtts_local_server.py", line 90, in do_POST
    TTS_ENGINE.tts_to_file(
  File "C:\New folder (9)\New folder\Major_Project\.xtts-venv\lib\site-packages\TTS\api.py", line 334, in tts_to_file
    wav = self.tts(
  File "C:\New folder (9)\New folder\Major_Project\.xtts-venv\lib\site-packages\TTS\api.py", line 276, in tts
    wav = self.synthesizer.tts(
  File "C:\New folder (9)\New folder\Major_Project\.xtts-venv\lib\site-packages\TTS\utils\synthesizer.py", line 386, in tts
    outputs = self.tts_model.synthesize(
  File "C:\New folder (9)\New folder\Major_Project\.xtts-venv\lib\site-packages\TTS\tts\models\xtts.py", line 419, in synthesize
    return self.full_inference(text, speaker_wav, language, **settings)
  File "C:\New folder (9)\New folder\Major_Project\.xtts-venv\lib\site-packages\torch\utils\_contextlib.py", line 124, in decorate_context
    return func(*args, **kwargs)
  File "C:\New folder (9)\New folder\Major_Project\.xtts-venv\lib\site-packages\TTS\tts\models\xtts.py", line 480, in full_inference
    (gpt_cond_latent, speaker_embedding) = self.get_conditioning_latents(
  File "C:\New folder (9)\New folder\Major_Project\.xtts-venv\lib\site-packages\torch\utils\_contextlib.py", line 124, in decorate_context
    return func(*args, **kwargs)
  File "C:\New folder (9)\New folder\Major_Project\.xtts-venv\lib\site-packages\TTS\tts\models\xtts.py", line 357, in get_conditioning_latents
    audio = load_audio(file_path, load_sr)
  File "C:\New folder (9)\New folder\Major_Project\.xtts-venv\lib\site-packages\TTS\tts\models\xtts.py", line 73, in load_audio
    audio, lsr = torchaudio.load(audiopath)
  File "C:\New folder (9)\New folder\Major_Project\.xtts-venv\lib\site-packages\torchaudio\__init__.py", line 86, in load
    return load_with_torchcodec(
  File "C:\New folder (9)\New folder\Major_Project\.xtts-venv\lib\site-packages\torchaudio\_torchcodec.py", line 82, in load_with_torchcodec
    from torchcodec.decoders import AudioDecoder
  File "C:\New folder (9)\New folder\Major_Project\.xtts-venv\lib\site-packages\torchcodec\__init__.py", line 12, in <module>
    from . import decoders, encoders, samplers, transforms  # noqa
  File "C:\New folder (9)\New folder\Major_Project\.xtts-venv\lib\site-packages\torchcodec\decoders\__init__.py", line 7, in <module>
    from .._core import AudioStreamMetadata, VideoStreamMetadata
  File "C:\New folder (9)\New folder\Major_Project\.xtts-venv\lib\site-packages\torchcodec\_core\__init__.py", line 8, in <module>
    from ._decoder_utils import create_audio_decoder, create_video_decoder
  File "C:\New folder (9)\New folder\Major_Project\.xtts-venv\lib\site-packages\torchcodec\_core\_decoder_utils.py", line 13, in <module>
    from torchcodec._core._metadata import (
  File "C:\New folder (9)\New folder\Major_Project\.xtts-venv\lib\site-packages\torchcodec\_core\_metadata.py", line 15, in <module>
    from torchcodec._core.ops import (
  File "C:\New folder (9)\New folder\Major_Project\.xtts-venv\lib\site-packages\torchcodec\_core\ops.py", line 38, in <module>
    load_torchcodec_shared_libraries()
  File "C:\New folder (9)\New folder\Major_Project\.xtts-venv\lib\site-packages\torchcodec\_internally_replaced_utils.py", line 111, in load_torchcodec_shared_libraries
    raise RuntimeError(
RuntimeError: Could not load libtorchcodec. Likely causes:
          1. FFmpeg is not properly installed in your environment. We support
             versions 4, 5, 6, 7, and 8, and we attempt to load libtorchcodec
             for each of those versions. Errors for versions not installed on
             your system are expected; only the error for your installed FFmpeg
             version is relevant. On Windows, ensure you've installed the
             "full-shared" version which ships DLLs.
          2. The PyTorch version (2.11.0+cpu) is not compatible with
             this version of TorchCodec. Refer to the version compatibility
             table:
             https://github.com/pytorch/torchcodec?tab=readme-ov-file#installing-torchcodec.
          3. Another runtime dependency; see exceptions below.

        The following exceptions were raised as we tried to load libtorchcodec:
        
[start of libtorchcodec loading traceback]
FFmpeg version 8:
Traceback (most recent call last):
  File "C:\New folder (9)\New folder\Major_Project\.xtts-venv\lib\site-packages\torch\_ops.py", line 1503, in load_library
    ctypes.CDLL(path)
  File "C:\Users\Aman\AppData\Local\Programs\Python\Python310\lib\ctypes\__init__.py", line 374, in __init__
    self._handle = _dlopen(self._name, mode)
FileNotFoundError: Could not find module 'C:\New folder (9)\New folder\Major_Project\.xtts-venv\Lib\site-packages\torchcodec\libtorchcodec_core8.dll' (or one of its dependencies). Try using the full path with constructor syntax.

The above exception was the direct cause of the following exception:

Traceback (most recent call last):
  File "C:\New folder (9)\New folder\Major_Project\.xtts-venv\lib\site-packages\torchcodec\_internally_replaced_utils.py", line 93, in load_torchcodec_shared_libraries
    torch.ops.load_library(core_library_path)
  File "C:\New folder (9)\New folder\Major_Project\.xtts-venv\lib\site-packages\torch\_ops.py", line 1505, in load_library
    raise OSError(f"Could not load this library: {path}") from e
OSError: Could not load this library: C:\New folder (9)\New folder\Major_Project\.xtts-venv\Lib\site-packages\torchcodec\libtorchcodec_core8.dll

FFmpeg version 7:
Traceback (most recent call last):
  File "C:\New folder (9)\New folder\Major_Project\.xtts-venv\lib\site-packages\torch\_ops.py", line 1503, in load_library
    ctypes.CDLL(path)
  File "C:\Users\Aman\AppData\Local\Programs\Python\Python310\lib\ctypes\__init__.py", line 374, in __init__
    self._handle = _dlopen(self._name, mode)
FileNotFoundError: Could not find module 'C:\New folder (9)\New folder\Major_Project\.xtts-venv\Lib\site-packages\torchcodec\libtorchcodec_core7.dll' (or one of its dependencies). Try using the full path with constructor syntax.

The above exception was the direct cause of the following exception:

Traceback (most recent call last):
  File "C:\New folder (9)\New folder\Major_Project\.xtts-venv\lib\site-packages\torchcodec\_internally_replaced_utils.py", line 93, in load_torchcodec_shared_libraries
    torch.ops.load_library(core_library_path)
  File "C:\New folder (9)\New folder\Major_Project\.xtts-venv\lib\site-packages\torch\_ops.py", line 1505, in load_library
    raise OSError(f"Could not load this library: {path}") from e
OSError: Could not load this library: C:\New folder (9)\New folder\Major_Project\.xtts-venv\Lib\site-packages\torchcodec\libtorchcodec_core7.dll

FFmpeg version 6:
Traceback (most recent call last):
  File "C:\New folder (9)\New folder\Major_Project\.xtts-venv\lib\site-packages\torch\_ops.py", line 1503, in load_library
    ctypes.CDLL(path)
  File "C:\Users\Aman\AppData\Local\Programs\Python\Python310\lib\ctypes\__init__.py", line 374, in __init__
    self._handle = _dlopen(self._name, mode)
FileNotFoundError: Could not find module 'C:\New folder (9)\New folder\Major_Project\.xtts-venv\Lib\site-packages\torchcodec\libtorchcodec_core6.dll' (or one of its dependencies). Try using the full path with constructor syntax.

The above exception was the direct cause of the following exception:

Traceback (most recent call last):
  File "C:\New folder (9)\New folder\Major_Project\.xtts-venv\lib\site-packages\torchcodec\_internally_replaced_utils.py", line 93, in load_torchcodec_shared_libraries
    torch.ops.load_library(core_library_path)
  File "C:\New folder (9)\New folder\Major_Project\.xtts-venv\lib\site-packages\torch\_ops.py", line 1505, in load_library
    raise OSError(f"Could not load this library: {path}") from e
OSError: Could not load this library: C:\New folder (9)\New folder\Major_Project\.xtts-venv\Lib\site-packages\torchcodec\libtorchcodec_core6.dll

FFmpeg version 5:
Traceback (most recent call last):
  File "C:\New folder (9)\New folder\Major_Project\.xtts-venv\lib\site-packages\torch\_ops.py", line 1503, in load_library
    ctypes.CDLL(path)
  File "C:\Users\Aman\AppData\Local\Programs\Python\Python310\lib\ctypes\__init__.py", line 374, in __init__
    self._handle = _dlopen(self._name, mode)
FileNotFoundError: Could not find module 'C:\New folder (9)\New folder\Major_Project\.xtts-venv\Lib\site-packages\torchcodec\libtorchcodec_core5.dll' (or one of its dependencies). Try using the full path with constructor syntax.

The above exception was the direct cause of the following exception:

Traceback (most recent call last):
  File "C:\New folder (9)\New folder\Major_Project\.xtts-venv\lib\site-packages\torchcodec\_internally_replaced_utils.py", line 93, in load_torchcodec_shared_libraries
    torch.ops.load_library(core_library_path)
  File "C:\New folder (9)\New folder\Major_Project\.xtts-venv\lib\site-packages\torch\_ops.py", line 1505, in load_library
    raise OSError(f"Could not load this library: {path}") from e
OSError: Could not load this library: C:\New folder (9)\New folder\Major_Project\.xtts-venv\Lib\site-packages\torchcodec\libtorchcodec_core5.dll

FFmpeg version 4:
Traceback (most recent call last):
  File "C:\New folder (9)\New folder\Major_Project\.xtts-venv\lib\site-packages\torch\_ops.py", line 1503, in load_library
    ctypes.CDLL(path)
  File "C:\Users\Aman\AppData\Local\Programs\Python\Python310\lib\ctypes\__init__.py", line 374, in __init__
    self._handle = _dlopen(self._name, mode)
FileNotFoundError: Could not find module 'C:\New folder (9)\New folder\Major_Project\.xtts-venv\Lib\site-packages\torchcodec\libtorchcodec_core4.dll' (or one of its dependencies). Try using the full path with constructor syntax.

The above exception was the direct cause of the following exception:

Traceback (most recent call last):
  File "C:\New folder (9)\New folder\Major_Project\.xtts-venv\lib\site-packages\torchcodec\_internally_replaced_utils.py", line 93, in load_torchcodec_shared_libraries
    torch.ops.load_library(core_library_path)
  File "C:\New folder (9)\New folder\Major_Project\.xtts-venv\lib\site-packages\torch\_ops.py", line 1505, in load_library
    raise OSError(f"Could not load this library: {path}") from e
OSError: Could not load this library: C:\New folder (9)\New folder\Major_Project\.xtts-venv\Lib\site-packages\torchcodec\libtorchcodec_core4.dll
[end of libtorchcodec loading traceback].
XTTS synthesis failed:
Traceback (most recent call last):
  File "C:\New folder (9)\New folder\Major_Project\server\tools\xtts_local_server.py", line 90, in do_POST
    TTS_ENGINE.tts_to_file(
  File "C:\New folder (9)\New folder\Major_Project\.xtts-venv\lib\site-packages\TTS\api.py", line 334, in tts_to_file
    wav = self.tts(
  File "C:\New folder (9)\New folder\Major_Project\.xtts-venv\lib\site-packages\TTS\api.py", line 276, in tts
    wav = self.synthesizer.tts(
  File "C:\New folder (9)\New folder\Major_Project\.xtts-venv\lib\site-packages\TTS\utils\synthesizer.py", line 386, in tts
    outputs = self.tts_model.synthesize(
  File "C:\New folder (9)\New folder\Major_Project\.xtts-venv\lib\site-packages\TTS\tts\models\xtts.py", line 419, in synthesize
    return self.full_inference(text, speaker_wav, language, **settings)
  File "C:\New folder (9)\New folder\Major_Project\.xtts-venv\lib\site-packages\torch\utils\_contextlib.py", line 124, in decorate_context
    return func(*args, **kwargs)
  File "C:\New folder (9)\New folder\Major_Project\.xtts-venv\lib\site-packages\TTS\tts\models\xtts.py", line 480, in full_inference
    (gpt_cond_latent, speaker_embedding) = self.get_conditioning_latents(
  File "C:\New folder (9)\New folder\Major_Project\.xtts-venv\lib\site-packages\torch\utils\_contextlib.py", line 124, in decorate_context
    return func(*args, **kwargs)
  File "C:\New folder (9)\New folder\Major_Project\.xtts-venv\lib\site-packages\TTS\tts\models\xtts.py", line 357, in get_conditioning_latents
    audio = load_audio(file_path, load_sr)
  File "C:\New folder (9)\New folder\Major_Project\.xtts-venv\lib\site-packages\TTS\tts\models\xtts.py", line 73, in load_audio
    audio, lsr = torchaudio.load(audiopath)
  File "C:\New folder (9)\New folder\Major_Project\.xtts-venv\lib\site-packages\torchaudio\__init__.py", line 86, in load
    return load_with_torchcodec(
  File "C:\New folder (9)\New folder\Major_Project\.xtts-venv\lib\site-packages\torchaudio\_torchcodec.py", line 82, in load_with_torchcodec
    from torchcodec.decoders import AudioDecoder
  File "C:\New folder (9)\New folder\Major_Project\.xtts-venv\lib\site-packages\torchcodec\__init__.py", line 12, in <module>
    from . import decoders, encoders, samplers, transforms  # noqa
  File "C:\New folder (9)\New folder\Major_Project\.xtts-venv\lib\site-packages\torchcodec\decoders\__init__.py", line 7, in <module>
    from .._core import AudioStreamMetadata, VideoStreamMetadata
  File "C:\New folder (9)\New folder\Major_Project\.xtts-venv\lib\site-packages\torchcodec\_core\__init__.py", line 8, in <module>
    from ._decoder_utils import create_audio_decoder, create_video_decoder
  File "C:\New folder (9)\New folder\Major_Project\.xtts-venv\lib\site-packages\torchcodec\_core\_decoder_utils.py", line 13, in <module>
    from torchcodec._core._metadata import (
  File "C:\New folder (9)\New folder\Major_Project\.xtts-venv\lib\site-packages\torchcodec\_core\_metadata.py", line 15, in <module>
    from torchcodec._core.ops import (
  File "C:\New folder (9)\New folder\Major_Project\.xtts-venv\lib\site-packages\torchcodec\_core\ops.py", line 38, in <module>
    load_torchcodec_shared_libraries()
  File "C:\New folder (9)\New folder\Major_Project\.xtts-venv\lib\site-packages\torchcodec\_internally_replaced_utils.py", line 111, in load_torchcodec_shared_libraries
    raise RuntimeError(
RuntimeError: Could not load libtorchcodec. Likely causes:
          1. FFmpeg is not properly installed in your environment. We support
             versions 4, 5, 6, 7, and 8, and we attempt to load libtorchcodec
             for each of those versions. Errors for versions not installed on
             your system are expected; only the error for your installed FFmpeg
             version is relevant. On Windows, ensure you've installed the
             "full-shared" version which ships DLLs.
          2. The PyTorch version (2.11.0+cpu) is not compatible with
             this version of TorchCodec. Refer to the version compatibility
             table:
             https://github.com/pytorch/torchcodec?tab=readme-ov-file#installing-torchcodec.
          3. Another runtime dependency; see exceptions below.

        The following exceptions were raised as we tried to load libtorchcodec:
        
[start of libtorchcodec loading traceback]
FFmpeg version 8:
Traceback (most recent call last):
  File "C:\New folder (9)\New folder\Major_Project\.xtts-venv\lib\site-packages\torch\_ops.py", line 1503, in load_library
    ctypes.CDLL(path)
  File "C:\Users\Aman\AppData\Local\Programs\Python\Python310\lib\ctypes\__init__.py", line 374, in __init__
    self._handle = _dlopen(self._name, mode)
FileNotFoundError: Could not find module 'C:\New folder (9)\New folder\Major_Project\.xtts-venv\Lib\site-packages\torchcodec\libtorchcodec_core8.dll' (or one of its dependencies). Try using the full path with constructor syntax.

The above exception was the direct cause of the following exception:

Traceback (most recent call last):
  File "C:\New folder (9)\New folder\Major_Project\.xtts-venv\lib\site-packages\torchcodec\_internally_replaced_utils.py", line 93, in load_torchcodec_shared_libraries
    torch.ops.load_library(core_library_path)
  File "C:\New folder (9)\New folder\Major_Project\.xtts-venv\lib\site-packages\torch\_ops.py", line 1505, in load_library
    raise OSError(f"Could not load this library: {path}") from e
OSError: Could not load this library: C:\New folder (9)\New folder\Major_Project\.xtts-venv\Lib\site-packages\torchcodec\libtorchcodec_core8.dll

FFmpeg version 7:
Traceback (most recent call last):
  File "C:\New folder (9)\New folder\Major_Project\.xtts-venv\lib\site-packages\torch\_ops.py", line 1503, in load_library
    ctypes.CDLL(path)
  File "C:\Users\Aman\AppData\Local\Programs\Python\Python310\lib\ctypes\__init__.py", line 374, in __init__
    self._handle = _dlopen(self._name, mode)
FileNotFoundError: Could not find module 'C:\New folder (9)\New folder\Major_Project\.xtts-venv\Lib\site-packages\torchcodec\libtorchcodec_core7.dll' (or one of its dependencies). Try using the full path with constructor syntax.

The above exception was the direct cause of the following exception:

Traceback (most recent call last):
  File "C:\New folder (9)\New folder\Major_Project\.xtts-venv\lib\site-packages\torchcodec\_internally_replaced_utils.py", line 93, in load_torchcodec_shared_libraries
    torch.ops.load_library(core_library_path)
  File "C:\New folder (9)\New folder\Major_Project\.xtts-venv\lib\site-packages\torch\_ops.py", line 1505, in load_library
    raise OSError(f"Could not load this library: {path}") from e
OSError: Could not load this library: C:\New folder (9)\New folder\Major_Project\.xtts-venv\Lib\site-packages\torchcodec\libtorchcodec_core7.dll

FFmpeg version 6:
Traceback (most recent call last):
  File "C:\New folder (9)\New folder\Major_Project\.xtts-venv\lib\site-packages\torch\_ops.py", line 1503, in load_library
    ctypes.CDLL(path)
  File "C:\Users\Aman\AppData\Local\Programs\Python\Python310\lib\ctypes\__init__.py", line 374, in __init__
    self._handle = _dlopen(self._name, mode)
FileNotFoundError: Could not find module 'C:\New folder (9)\New folder\Major_Project\.xtts-venv\Lib\site-packages\torchcodec\libtorchcodec_core6.dll' (or one of its dependencies). Try using the full path with constructor syntax.

The above exception was the direct cause of the following exception:

Traceback (most recent call last):
  File "C:\New folder (9)\New folder\Major_Project\.xtts-venv\lib\site-packages\torchcodec\_internally_replaced_utils.py", line 93, in load_torchcodec_shared_libraries
    torch.ops.load_library(core_library_path)
  File "C:\New folder (9)\New folder\Major_Project\.xtts-venv\lib\site-packages\torch\_ops.py", line 1505, in load_library
    raise OSError(f"Could not load this library: {path}") from e
OSError: Could not load this library: C:\New folder (9)\New folder\Major_Project\.xtts-venv\Lib\site-packages\torchcodec\libtorchcodec_core6.dll

FFmpeg version 5:
Traceback (most recent call last):
  File "C:\New folder (9)\New folder\Major_Project\.xtts-venv\lib\site-packages\torch\_ops.py", line 1503, in load_library
    ctypes.CDLL(path)
  File "C:\Users\Aman\AppData\Local\Programs\Python\Python310\lib\ctypes\__init__.py", line 374, in __init__
    self._handle = _dlopen(self._name, mode)
FileNotFoundError: Could not find module 'C:\New folder (9)\New folder\Major_Project\.xtts-venv\Lib\site-packages\torchcodec\libtorchcodec_core5.dll' (or one of its dependencies). Try using the full path with constructor syntax.

The above exception was the direct cause of the following exception:

Traceback (most recent call last):
  File "C:\New folder (9)\New folder\Major_Project\.xtts-venv\lib\site-packages\torchcodec\_internally_replaced_utils.py", line 93, in load_torchcodec_shared_libraries
    torch.ops.load_library(core_library_path)
  File "C:\New folder (9)\New folder\Major_Project\.xtts-venv\lib\site-packages\torch\_ops.py", line 1505, in load_library
    raise OSError(f"Could not load this library: {path}") from e
OSError: Could not load this library: C:\New folder (9)\New folder\Major_Project\.xtts-venv\Lib\site-packages\torchcodec\libtorchcodec_core5.dll

FFmpeg version 4:
Traceback (most recent call last):
  File "C:\New folder (9)\New folder\Major_Project\.xtts-venv\lib\site-packages\torch\_ops.py", line 1503, in load_library
    ctypes.CDLL(path)
  File "C:\Users\Aman\AppData\Local\Programs\Python\Python310\lib\ctypes\__init__.py", line 374, in __init__
    self._handle = _dlopen(self._name, mode)
FileNotFoundError: Could not find module 'C:\New folder (9)\New folder\Major_Project\.xtts-venv\Lib\site-packages\torchcodec\libtorchcodec_core4.dll' (or one of its dependencies). Try using the full path with constructor syntax.

The above exception was the direct cause of the following exception:

Traceback (most recent call last):
  File "C:\New folder (9)\New folder\Major_Project\.xtts-venv\lib\site-packages\torchcodec\_internally_replaced_utils.py", line 93, in load_torchcodec_shared_libraries
    torch.ops.load_library(core_library_path)
  File "C:\New folder (9)\New folder\Major_Project\.xtts-venv\lib\site-packages\torch\_ops.py", line 1505, in load_library
    raise OSError(f"Could not load this library: {path}") from e
OSError: Could not load this library: C:\New folder (9)\New folder\Major_Project\.xtts-venv\Lib\site-packages\torchcodec\libtorchcodec_core4.dll
[end of libtorchcodec loading traceback].
XTTS synthesis failed:
Traceback (most recent call last):
  File "C:\New folder (9)\New folder\Major_Project\server\tools\xtts_local_server.py", line 90, in do_POST
    TTS_ENGINE.tts_to_file(
  File "C:\New folder (9)\New folder\Major_Project\.xtts-venv\lib\site-packages\TTS\api.py", line 334, in tts_to_file
    wav = self.tts(
  File "C:\New folder (9)\New folder\Major_Project\.xtts-venv\lib\site-packages\TTS\api.py", line 276, in tts
    wav = self.synthesizer.tts(
  File "C:\New folder (9)\New folder\Major_Project\.xtts-venv\lib\site-packages\TTS\utils\synthesizer.py", line 386, in tts
    outputs = self.tts_model.synthesize(
  File "C:\New folder (9)\New folder\Major_Project\.xtts-venv\lib\site-packages\TTS\tts\models\xtts.py", line 419, in synthesize
    return self.full_inference(text, speaker_wav, language, **settings)
  File "C:\New folder (9)\New folder\Major_Project\.xtts-venv\lib\site-packages\torch\utils\_contextlib.py", line 124, in decorate_context
    return func(*args, **kwargs)
  File "C:\New folder (9)\New folder\Major_Project\.xtts-venv\lib\site-packages\TTS\tts\models\xtts.py", line 480, in full_inference
    (gpt_cond_latent, speaker_embedding) = self.get_conditioning_latents(
  File "C:\New folder (9)\New folder\Major_Project\.xtts-venv\lib\site-packages\torch\utils\_contextlib.py", line 124, in decorate_context
    return func(*args, **kwargs)
  File "C:\New folder (9)\New folder\Major_Project\.xtts-venv\lib\site-packages\TTS\tts\models\xtts.py", line 357, in get_conditioning_latents
    audio = load_audio(file_path, load_sr)
  File "C:\New folder (9)\New folder\Major_Project\.xtts-venv\lib\site-packages\TTS\tts\models\xtts.py", line 73, in load_audio
    audio, lsr = torchaudio.load(audiopath)
  File "C:\New folder (9)\New folder\Major_Project\.xtts-venv\lib\site-packages\torchaudio\__init__.py", line 86, in load
    return load_with_torchcodec(
  File "C:\New folder (9)\New folder\Major_Project\.xtts-venv\lib\site-packages\torchaudio\_torchcodec.py", line 82, in load_with_torchcodec
    from torchcodec.decoders import AudioDecoder
  File "C:\New folder (9)\New folder\Major_Project\.xtts-venv\lib\site-packages\torchcodec\__init__.py", line 12, in <module>
    from . import decoders, encoders, samplers, transforms  # noqa
  File "C:\New folder (9)\New folder\Major_Project\.xtts-venv\lib\site-packages\torchcodec\decoders\__init__.py", line 7, in <module>
    from .._core import AudioStreamMetadata, VideoStreamMetadata
  File "C:\New folder (9)\New folder\Major_Project\.xtts-venv\lib\site-packages\torchcodec\_core\__init__.py", line 8, in <module>
    from ._decoder_utils import create_audio_decoder, create_video_decoder
  File "C:\New folder (9)\New folder\Major_Project\.xtts-venv\lib\site-packages\torchcodec\_core\_decoder_utils.py", line 13, in <module>
    from torchcodec._core._metadata import (
  File "C:\New folder (9)\New folder\Major_Project\.xtts-venv\lib\site-packages\torchcodec\_core\_metadata.py", line 15, in <module>
    from torchcodec._core.ops import (
  File "C:\New folder (9)\New folder\Major_Project\.xtts-venv\lib\site-packages\torchcodec\_core\ops.py", line 38, in <module>
    load_torchcodec_shared_libraries()
  File "C:\New folder (9)\New folder\Major_Project\.xtts-venv\lib\site-packages\torchcodec\_internally_replaced_utils.py", line 111, in load_torchcodec_shared_libraries
    raise RuntimeError(
RuntimeError: Could not load libtorchcodec. Likely causes:
          1. FFmpeg is not properly installed in your environment. We support
             versions 4, 5, 6, 7, and 8, and we attempt to load libtorchcodec
             for each of those versions. Errors for versions not installed on
             your system are expected; only the error for your installed FFmpeg
             version is relevant. On Windows, ensure you've installed the
             "full-shared" version which ships DLLs.
          2. The PyTorch version (2.11.0+cpu) is not compatible with
             this version of TorchCodec. Refer to the version compatibility
             table:
             https://github.com/pytorch/torchcodec?tab=readme-ov-file#installing-torchcodec.
          3. Another runtime dependency; see exceptions below.

        The following exceptions were raised as we tried to load libtorchcodec:
        
[start of libtorchcodec loading traceback]
FFmpeg version 8:
Traceback (most recent call last):
  File "C:\New folder (9)\New folder\Major_Project\.xtts-venv\lib\site-packages\torch\_ops.py", line 1503, in load_library
    ctypes.CDLL(path)
  File "C:\Users\Aman\AppData\Local\Programs\Python\Python310\lib\ctypes\__init__.py", line 374, in __init__
    self._handle = _dlopen(self._name, mode)
FileNotFoundError: Could not find module 'C:\New folder (9)\New folder\Major_Project\.xtts-venv\Lib\site-packages\torchcodec\libtorchcodec_core8.dll' (or one of its dependencies). Try using the full path with constructor syntax.

The above exception was the direct cause of the following exception:

Traceback (most recent call last):
  File "C:\New folder (9)\New folder\Major_Project\.xtts-venv\lib\site-packages\torchcodec\_internally_replaced_utils.py", line 93, in load_torchcodec_shared_libraries
    torch.ops.load_library(core_library_path)
  File "C:\New folder (9)\New folder\Major_Project\.xtts-venv\lib\site-packages\torch\_ops.py", line 1505, in load_library
    raise OSError(f"Could not load this library: {path}") from e
OSError: Could not load this library: C:\New folder (9)\New folder\Major_Project\.xtts-venv\Lib\site-packages\torchcodec\libtorchcodec_core8.dll

FFmpeg version 7:
Traceback (most recent call last):
  File "C:\New folder (9)\New folder\Major_Project\.xtts-venv\lib\site-packages\torch\_ops.py", line 1503, in load_library
    ctypes.CDLL(path)
  File "C:\Users\Aman\AppData\Local\Programs\Python\Python310\lib\ctypes\__init__.py", line 374, in __init__
    self._handle = _dlopen(self._name, mode)
FileNotFoundError: Could not find module 'C:\New folder (9)\New folder\Major_Project\.xtts-venv\Lib\site-packages\torchcodec\libtorchcodec_core7.dll' (or one of its dependencies). Try using the full path with constructor syntax.

The above exception was the direct cause of the following exception:

Traceback (most recent call last):
  File "C:\New folder (9)\New folder\Major_Project\.xtts-venv\lib\site-packages\torchcodec\_internally_replaced_utils.py", line 93, in load_torchcodec_shared_libraries
    torch.ops.load_library(core_library_path)
  File "C:\New folder (9)\New folder\Major_Project\.xtts-venv\lib\site-packages\torch\_ops.py", line 1505, in load_library
    raise OSError(f"Could not load this library: {path}") from e
OSError: Could not load this library: C:\New folder (9)\New folder\Major_Project\.xtts-venv\Lib\site-packages\torchcodec\libtorchcodec_core7.dll

FFmpeg version 6:
Traceback (most recent call last):
  File "C:\New folder (9)\New folder\Major_Project\.xtts-venv\lib\site-packages\torch\_ops.py", line 1503, in load_library
    ctypes.CDLL(path)
  File "C:\Users\Aman\AppData\Local\Programs\Python\Python310\lib\ctypes\__init__.py", line 374, in __init__
    self._handle = _dlopen(self._name, mode)
FileNotFoundError: Could not find module 'C:\New folder (9)\New folder\Major_Project\.xtts-venv\Lib\site-packages\torchcodec\libtorchcodec_core6.dll' (or one of its dependencies). Try using the full path with constructor syntax.

The above exception was the direct cause of the following exception:

Traceback (most recent call last):
  File "C:\New folder (9)\New folder\Major_Project\.xtts-venv\lib\site-packages\torchcodec\_internally_replaced_utils.py", line 93, in load_torchcodec_shared_libraries
    torch.ops.load_library(core_library_path)
  File "C:\New folder (9)\New folder\Major_Project\.xtts-venv\lib\site-packages\torch\_ops.py", line 1505, in load_library
    raise OSError(f"Could not load this library: {path}") from e
OSError: Could not load this library: C:\New folder (9)\New folder\Major_Project\.xtts-venv\Lib\site-packages\torchcodec\libtorchcodec_core6.dll

FFmpeg version 5:
Traceback (most recent call last):
  File "C:\New folder (9)\New folder\Major_Project\.xtts-venv\lib\site-packages\torch\_ops.py", line 1503, in load_library
    ctypes.CDLL(path)
  File "C:\Users\Aman\AppData\Local\Programs\Python\Python310\lib\ctypes\__init__.py", line 374, in __init__
    self._handle = _dlopen(self._name, mode)
FileNotFoundError: Could not find module 'C:\New folder (9)\New folder\Major_Project\.xtts-venv\Lib\site-packages\torchcodec\libtorchcodec_core5.dll' (or one of its dependencies). Try using the full path with constructor syntax.

The above exception was the direct cause of the following exception:

Traceback (most recent call last):
  File "C:\New folder (9)\New folder\Major_Project\.xtts-venv\lib\site-packages\torchcodec\_internally_replaced_utils.py", line 93, in load_torchcodec_shared_libraries
    torch.ops.load_library(core_library_path)
  File "C:\New folder (9)\New folder\Major_Project\.xtts-venv\lib\site-packages\torch\_ops.py", line 1505, in load_library
    raise OSError(f"Could not load this library: {path}") from e
OSError: Could not load this library: C:\New folder (9)\New folder\Major_Project\.xtts-venv\Lib\site-packages\torchcodec\libtorchcodec_core5.dll

FFmpeg version 4:
Traceback (most recent call last):
  File "C:\New folder (9)\New folder\Major_Project\.xtts-venv\lib\site-packages\torch\_ops.py", line 1503, in load_library
    ctypes.CDLL(path)
  File "C:\Users\Aman\AppData\Local\Programs\Python\Python310\lib\ctypes\__init__.py", line 374, in __init__
    self._handle = _dlopen(self._name, mode)
FileNotFoundError: Could not find module 'C:\New folder (9)\New folder\Major_Project\.xtts-venv\Lib\site-packages\torchcodec\libtorchcodec_core4.dll' (or one of its dependencies). Try using the full path with constructor syntax.

The above exception was the direct cause of the following exception:

Traceback (most recent call last):
  File "C:\New folder (9)\New folder\Major_Project\.xtts-venv\lib\site-packages\torchcodec\_internally_replaced_utils.py", line 93, in load_torchcodec_shared_libraries
    torch.ops.load_library(core_library_path)
  File "C:\New folder (9)\New folder\Major_Project\.xtts-venv\lib\site-packages\torch\_ops.py", line 1505, in load_library
    raise OSError(f"Could not load this library: {path}") from e
OSError: Could not load this library: C:\New folder (9)\New folder\Major_Project\.xtts-venv\Lib\site-packages\torchcodec\libtorchcodec_core4.dll
[end of libtorchcodec loading traceback].
XTTS synthesis failed:
Traceback (most recent call last):
  File "C:\New folder (9)\New folder\Major_Project\server\tools\xtts_local_server.py", line 90, in do_POST
    TTS_ENGINE.tts_to_file(
  File "C:\New folder (9)\New folder\Major_Project\.xtts-venv\lib\site-packages\TTS\api.py", line 334, in tts_to_file
    wav = self.tts(
  File "C:\New folder (9)\New folder\Major_Project\.xtts-venv\lib\site-packages\TTS\api.py", line 276, in tts
    wav = self.synthesizer.tts(
  File "C:\New folder (9)\New folder\Major_Project\.xtts-venv\lib\site-packages\TTS\utils\synthesizer.py", line 386, in tts
    outputs = self.tts_model.synthesize(
  File "C:\New folder (9)\New folder\Major_Project\.xtts-venv\lib\site-packages\TTS\tts\models\xtts.py", line 419, in synthesize
    return self.full_inference(text, speaker_wav, language, **settings)
  File "C:\New folder (9)\New folder\Major_Project\.xtts-venv\lib\site-packages\torch\utils\_contextlib.py", line 124, in decorate_context
    return func(*args, **kwargs)
  File "C:\New folder (9)\New folder\Major_Project\.xtts-venv\lib\site-packages\TTS\tts\models\xtts.py", line 480, in full_inference
    (gpt_cond_latent, speaker_embedding) = self.get_conditioning_latents(
  File "C:\New folder (9)\New folder\Major_Project\.xtts-venv\lib\site-packages\torch\utils\_contextlib.py", line 124, in decorate_context
    return func(*args, **kwargs)
  File "C:\New folder (9)\New folder\Major_Project\.xtts-venv\lib\site-packages\TTS\tts\models\xtts.py", line 357, in get_conditioning_latents
    audio = load_audio(file_path, load_sr)
  File "C:\New folder (9)\New folder\Major_Project\.xtts-venv\lib\site-packages\TTS\tts\models\xtts.py", line 73, in load_audio
    audio, lsr = torchaudio.load(audiopath)
  File "C:\New folder (9)\New folder\Major_Project\.xtts-venv\lib\site-packages\torchaudio\__init__.py", line 86, in load
    return load_with_torchcodec(
  File "C:\New folder (9)\New folder\Major_Project\.xtts-venv\lib\site-packages\torchaudio\_torchcodec.py", line 82, in load_with_torchcodec
    from torchcodec.decoders import AudioDecoder
  File "C:\New folder (9)\New folder\Major_Project\.xtts-venv\lib\site-packages\torchcodec\__init__.py", line 12, in <module>
    from . import decoders, encoders, samplers, transforms  # noqa
  File "C:\New folder (9)\New folder\Major_Project\.xtts-venv\lib\site-packages\torchcodec\decoders\__init__.py", line 7, in <module>
    from .._core import AudioStreamMetadata, VideoStreamMetadata
  File "C:\New folder (9)\New folder\Major_Project\.xtts-venv\lib\site-packages\torchcodec\_core\__init__.py", line 8, in <module>
    from ._decoder_utils import create_audio_decoder, create_video_decoder
  File "C:\New folder (9)\New folder\Major_Project\.xtts-venv\lib\site-packages\torchcodec\_core\_decoder_utils.py", line 13, in <module>
    from torchcodec._core._metadata import (
  File "C:\New folder (9)\New folder\Major_Project\.xtts-venv\lib\site-packages\torchcodec\_core\_metadata.py", line 15, in <module>
    from torchcodec._core.ops import (
  File "C:\New folder (9)\New folder\Major_Project\.xtts-venv\lib\site-packages\torchcodec\_core\ops.py", line 38, in <module>
    load_torchcodec_shared_libraries()
  File "C:\New folder (9)\New folder\Major_Project\.xtts-venv\lib\site-packages\torchcodec\_internally_replaced_utils.py", line 111, in load_torchcodec_shared_libraries
    raise RuntimeError(
RuntimeError: Could not load libtorchcodec. Likely causes:
          1. FFmpeg is not properly installed in your environment. We support
             versions 4, 5, 6, 7, and 8, and we attempt to load libtorchcodec
             for each of those versions. Errors for versions not installed on
             your system are expected; only the error for your installed FFmpeg
             version is relevant. On Windows, ensure you've installed the
             "full-shared" version which ships DLLs.
          2. The PyTorch version (2.11.0+cpu) is not compatible with
             this version of TorchCodec. Refer to the version compatibility
             table:
             https://github.com/pytorch/torchcodec?tab=readme-ov-file#installing-torchcodec.
          3. Another runtime dependency; see exceptions below.

        The following exceptions were raised as we tried to load libtorchcodec:
        
[start of libtorchcodec loading traceback]
FFmpeg version 8:
Traceback (most recent call last):
  File "C:\New folder (9)\New folder\Major_Project\.xtts-venv\lib\site-packages\torch\_ops.py", line 1503, in load_library
    ctypes.CDLL(path)
  File "C:\Users\Aman\AppData\Local\Programs\Python\Python310\lib\ctypes\__init__.py", line 374, in __init__
    self._handle = _dlopen(self._name, mode)
FileNotFoundError: Could not find module 'C:\New folder (9)\New folder\Major_Project\.xtts-venv\Lib\site-packages\torchcodec\libtorchcodec_core8.dll' (or one of its dependencies). Try using the full path with constructor syntax.

The above exception was the direct cause of the following exception:

Traceback (most recent call last):
  File "C:\New folder (9)\New folder\Major_Project\.xtts-venv\lib\site-packages\torchcodec\_internally_replaced_utils.py", line 93, in load_torchcodec_shared_libraries
    torch.ops.load_library(core_library_path)
  File "C:\New folder (9)\New folder\Major_Project\.xtts-venv\lib\site-packages\torch\_ops.py", line 1505, in load_library
    raise OSError(f"Could not load this library: {path}") from e
OSError: Could not load this library: C:\New folder (9)\New folder\Major_Project\.xtts-venv\Lib\site-packages\torchcodec\libtorchcodec_core8.dll

FFmpeg version 7:
Traceback (most recent call last):
  File "C:\New folder (9)\New folder\Major_Project\.xtts-venv\lib\site-packages\torch\_ops.py", line 1503, in load_library
    ctypes.CDLL(path)
  File "C:\Users\Aman\AppData\Local\Programs\Python\Python310\lib\ctypes\__init__.py", line 374, in __init__
    self._handle = _dlopen(self._name, mode)
FileNotFoundError: Could not find module 'C:\New folder (9)\New folder\Major_Project\.xtts-venv\Lib\site-packages\torchcodec\libtorchcodec_core7.dll' (or one of its dependencies). Try using the full path with constructor syntax.

The above exception was the direct cause of the following exception:

Traceback (most recent call last):
  File "C:\New folder (9)\New folder\Major_Project\.xtts-venv\lib\site-packages\torchcodec\_internally_replaced_utils.py", line 93, in load_torchcodec_shared_libraries
    torch.ops.load_library(core_library_path)
  File "C:\New folder (9)\New folder\Major_Project\.xtts-venv\lib\site-packages\torch\_ops.py", line 1505, in load_library
    raise OSError(f"Could not load this library: {path}") from e
OSError: Could not load this library: C:\New folder (9)\New folder\Major_Project\.xtts-venv\Lib\site-packages\torchcodec\libtorchcodec_core7.dll

FFmpeg version 6:
Traceback (most recent call last):
  File "C:\New folder (9)\New folder\Major_Project\.xtts-venv\lib\site-packages\torch\_ops.py", line 1503, in load_library
    ctypes.CDLL(path)
  File "C:\Users\Aman\AppData\Local\Programs\Python\Python310\lib\ctypes\__init__.py", line 374, in __init__
    self._handle = _dlopen(self._name, mode)
FileNotFoundError: Could not find module 'C:\New folder (9)\New folder\Major_Project\.xtts-venv\Lib\site-packages\torchcodec\libtorchcodec_core6.dll' (or one of its dependencies). Try using the full path with constructor syntax.

The above exception was the direct cause of the following exception:

Traceback (most recent call last):
  File "C:\New folder (9)\New folder\Major_Project\.xtts-venv\lib\site-packages\torchcodec\_internally_replaced_utils.py", line 93, in load_torchcodec_shared_libraries
    torch.ops.load_library(core_library_path)
  File "C:\New folder (9)\New folder\Major_Project\.xtts-venv\lib\site-packages\torch\_ops.py", line 1505, in load_library
    raise OSError(f"Could not load this library: {path}") from e
OSError: Could not load this library: C:\New folder (9)\New folder\Major_Project\.xtts-venv\Lib\site-packages\torchcodec\libtorchcodec_core6.dll

FFmpeg version 5:
Traceback (most recent call last):
  File "C:\New folder (9)\New folder\Major_Project\.xtts-venv\lib\site-packages\torch\_ops.py", line 1503, in load_library
    ctypes.CDLL(path)
  File "C:\Users\Aman\AppData\Local\Programs\Python\Python310\lib\ctypes\__init__.py", line 374, in __init__
    self._handle = _dlopen(self._name, mode)
FileNotFoundError: Could not find module 'C:\New folder (9)\New folder\Major_Project\.xtts-venv\Lib\site-packages\torchcodec\libtorchcodec_core5.dll' (or one of its dependencies). Try using the full path with constructor syntax.

The above exception was the direct cause of the following exception:

Traceback (most recent call last):
  File "C:\New folder (9)\New folder\Major_Project\.xtts-venv\lib\site-packages\torchcodec\_internally_replaced_utils.py", line 93, in load_torchcodec_shared_libraries
    torch.ops.load_library(core_library_path)
  File "C:\New folder (9)\New folder\Major_Project\.xtts-venv\lib\site-packages\torch\_ops.py", line 1505, in load_library
    raise OSError(f"Could not load this library: {path}") from e
OSError: Could not load this library: C:\New folder (9)\New folder\Major_Project\.xtts-venv\Lib\site-packages\torchcodec\libtorchcodec_core5.dll

FFmpeg version 4:
Traceback (most recent call last):
  File "C:\New folder (9)\New folder\Major_Project\.xtts-venv\lib\site-packages\torch\_ops.py", line 1503, in load_library
    ctypes.CDLL(path)
  File "C:\Users\Aman\AppData\Local\Programs\Python\Python310\lib\ctypes\__init__.py", line 374, in __init__
    self._handle = _dlopen(self._name, mode)
FileNotFoundError: Could not find module 'C:\New folder (9)\New folder\Major_Project\.xtts-venv\Lib\site-packages\torchcodec\libtorchcodec_core4.dll' (or one of its dependencies). Try using the full path with constructor syntax.

The above exception was the direct cause of the following exception:

Traceback (most recent call last):
  File "C:\New folder (9)\New folder\Major_Project\.xtts-venv\lib\site-packages\torchcodec\_internally_replaced_utils.py", line 93, in load_torchcodec_shared_libraries
    torch.ops.load_library(core_library_path)
  File "C:\New folder (9)\New folder\Major_Project\.xtts-venv\lib\site-packages\torch\_ops.py", line 1505, in load_library
    raise OSError(f"Could not load this library: {path}") from e
OSError: Could not load this library: C:\New folder (9)\New folder\Major_Project\.xtts-venv\Lib\site-packages\torchcodec\libtorchcodec_core4.dll
[end of libtorchcodec loading traceback].
XTTS synthesis failed:
Traceback (most recent call last):
  File "C:\New folder (9)\New folder\Major_Project\server\tools\xtts_local_server.py", line 90, in do_POST
    TTS_ENGINE.tts_to_file(
  File "C:\New folder (9)\New folder\Major_Project\.xtts-venv\lib\site-packages\TTS\api.py", line 334, in tts_to_file
    wav = self.tts(
  File "C:\New folder (9)\New folder\Major_Project\.xtts-venv\lib\site-packages\TTS\api.py", line 276, in tts
    wav = self.synthesizer.tts(
  File "C:\New folder (9)\New folder\Major_Project\.xtts-venv\lib\site-packages\TTS\utils\synthesizer.py", line 386, in tts
    outputs = self.tts_model.synthesize(
  File "C:\New folder (9)\New folder\Major_Project\.xtts-venv\lib\site-packages\TTS\tts\models\xtts.py", line 419, in synthesize
    return self.full_inference(text, speaker_wav, language, **settings)
  File "C:\New folder (9)\New folder\Major_Project\.xtts-venv\lib\site-packages\torch\utils\_contextlib.py", line 124, in decorate_context
    return func(*args, **kwargs)
  File "C:\New folder (9)\New folder\Major_Project\.xtts-venv\lib\site-packages\TTS\tts\models\xtts.py", line 480, in full_inference
    (gpt_cond_latent, speaker_embedding) = self.get_conditioning_latents(
  File "C:\New folder (9)\New folder\Major_Project\.xtts-venv\lib\site-packages\torch\utils\_contextlib.py", line 124, in decorate_context
    return func(*args, **kwargs)
  File "C:\New folder (9)\New folder\Major_Project\.xtts-venv\lib\site-packages\TTS\tts\models\xtts.py", line 357, in get_conditioning_latents
    audio = load_audio(file_path, load_sr)
  File "C:\New folder (9)\New folder\Major_Project\.xtts-venv\lib\site-packages\TTS\tts\models\xtts.py", line 73, in load_audio
    audio, lsr = torchaudio.load(audiopath)
  File "C:\New folder (9)\New folder\Major_Project\.xtts-venv\lib\site-packages\torchaudio\__init__.py", line 86, in load
    return load_with_torchcodec(
  File "C:\New folder (9)\New folder\Major_Project\.xtts-venv\lib\site-packages\torchaudio\_torchcodec.py", line 82, in load_with_torchcodec
    from torchcodec.decoders import AudioDecoder
  File "C:\New folder (9)\New folder\Major_Project\.xtts-venv\lib\site-packages\torchcodec\__init__.py", line 12, in <module>
    from . import decoders, encoders, samplers, transforms  # noqa
  File "C:\New folder (9)\New folder\Major_Project\.xtts-venv\lib\site-packages\torchcodec\decoders\__init__.py", line 7, in <module>
    from .._core import AudioStreamMetadata, VideoStreamMetadata
  File "C:\New folder (9)\New folder\Major_Project\.xtts-venv\lib\site-packages\torchcodec\_core\__init__.py", line 8, in <module>
    from ._decoder_utils import create_audio_decoder, create_video_decoder
  File "C:\New folder (9)\New folder\Major_Project\.xtts-venv\lib\site-packages\torchcodec\_core\_decoder_utils.py", line 13, in <module>
    from torchcodec._core._metadata import (
  File "C:\New folder (9)\New folder\Major_Project\.xtts-venv\lib\site-packages\torchcodec\_core\_metadata.py", line 15, in <module>
    from torchcodec._core.ops import (
  File "C:\New folder (9)\New folder\Major_Project\.xtts-venv\lib\site-packages\torchcodec\_core\ops.py", line 38, in <module>
    load_torchcodec_shared_libraries()
  File "C:\New folder (9)\New folder\Major_Project\.xtts-venv\lib\site-packages\torchcodec\_internally_replaced_utils.py", line 111, in load_torchcodec_shared_libraries
    raise RuntimeError(
RuntimeError: Could not load libtorchcodec. Likely causes:
          1. FFmpeg is not properly installed in your environment. We support
             versions 4, 5, 6, 7, and 8, and we attempt to load libtorchcodec
             for each of those versions. Errors for versions not installed on
             your system are expected; only the error for your installed FFmpeg
             version is relevant. On Windows, ensure you've installed the
             "full-shared" version which ships DLLs.
          2. The PyTorch version (2.11.0+cpu) is not compatible with
             this version of TorchCodec. Refer to the version compatibility
             table:
             https://github.com/pytorch/torchcodec?tab=readme-ov-file#installing-torchcodec.
          3. Another runtime dependency; see exceptions below.

        The following exceptions were raised as we tried to load libtorchcodec:
        
[start of libtorchcodec loading traceback]
FFmpeg version 8:
Traceback (most recent call last):
  File "C:\New folder (9)\New folder\Major_Project\.xtts-venv\lib\site-packages\torch\_ops.py", line 1503, in load_library
    ctypes.CDLL(path)
  File "C:\Users\Aman\AppData\Local\Programs\Python\Python310\lib\ctypes\__init__.py", line 374, in __init__
    self._handle = _dlopen(self._name, mode)
FileNotFoundError: Could not find module 'C:\New folder (9)\New folder\Major_Project\.xtts-venv\Lib\site-packages\torchcodec\libtorchcodec_core8.dll' (or one of its dependencies). Try using the full path with constructor syntax.

The above exception was the direct cause of the following exception:

Traceback (most recent call last):
  File "C:\New folder (9)\New folder\Major_Project\.xtts-venv\lib\site-packages\torchcodec\_internally_replaced_utils.py", line 93, in load_torchcodec_shared_libraries
    torch.ops.load_library(core_library_path)
  File "C:\New folder (9)\New folder\Major_Project\.xtts-venv\lib\site-packages\torch\_ops.py", line 1505, in load_library
    raise OSError(f"Could not load this library: {path}") from e
OSError: Could not load this library: C:\New folder (9)\New folder\Major_Project\.xtts-venv\Lib\site-packages\torchcodec\libtorchcodec_core8.dll

FFmpeg version 7:
Traceback (most recent call last):
  File "C:\New folder (9)\New folder\Major_Project\.xtts-venv\lib\site-packages\torch\_ops.py", line 1503, in load_library
    ctypes.CDLL(path)
  File "C:\Users\Aman\AppData\Local\Programs\Python\Python310\lib\ctypes\__init__.py", line 374, in __init__
    self._handle = _dlopen(self._name, mode)
FileNotFoundError: Could not find module 'C:\New folder (9)\New folder\Major_Project\.xtts-venv\Lib\site-packages\torchcodec\libtorchcodec_core7.dll' (or one of its dependencies). Try using the full path with constructor syntax.

The above exception was the direct cause of the following exception:

Traceback (most recent call last):
  File "C:\New folder (9)\New folder\Major_Project\.xtts-venv\lib\site-packages\torchcodec\_internally_replaced_utils.py", line 93, in load_torchcodec_shared_libraries
    torch.ops.load_library(core_library_path)
  File "C:\New folder (9)\New folder\Major_Project\.xtts-venv\lib\site-packages\torch\_ops.py", line 1505, in load_library
    raise OSError(f"Could not load this library: {path}") from e
OSError: Could not load this library: C:\New folder (9)\New folder\Major_Project\.xtts-venv\Lib\site-packages\torchcodec\libtorchcodec_core7.dll

FFmpeg version 6:
Traceback (most recent call last):
  File "C:\New folder (9)\New folder\Major_Project\.xtts-venv\lib\site-packages\torch\_ops.py", line 1503, in load_library
    ctypes.CDLL(path)
  File "C:\Users\Aman\AppData\Local\Programs\Python\Python310\lib\ctypes\__init__.py", line 374, in __init__
    self._handle = _dlopen(self._name, mode)
FileNotFoundError: Could not find module 'C:\New folder (9)\New folder\Major_Project\.xtts-venv\Lib\site-packages\torchcodec\libtorchcodec_core6.dll' (or one of its dependencies). Try using the full path with constructor syntax.

The above exception was the direct cause of the following exception:

Traceback (most recent call last):
  File "C:\New folder (9)\New folder\Major_Project\.xtts-venv\lib\site-packages\torchcodec\_internally_replaced_utils.py", line 93, in load_torchcodec_shared_libraries
    torch.ops.load_library(core_library_path)
  File "C:\New folder (9)\New folder\Major_Project\.xtts-venv\lib\site-packages\torch\_ops.py", line 1505, in load_library
    raise OSError(f"Could not load this library: {path}") from e
OSError: Could not load this library: C:\New folder (9)\New folder\Major_Project\.xtts-venv\Lib\site-packages\torchcodec\libtorchcodec_core6.dll

FFmpeg version 5:
Traceback (most recent call last):
  File "C:\New folder (9)\New folder\Major_Project\.xtts-venv\lib\site-packages\torch\_ops.py", line 1503, in load_library
    ctypes.CDLL(path)
  File "C:\Users\Aman\AppData\Local\Programs\Python\Python310\lib\ctypes\__init__.py", line 374, in __init__
    self._handle = _dlopen(self._name, mode)
FileNotFoundError: Could not find module 'C:\New folder (9)\New folder\Major_Project\.xtts-venv\Lib\site-packages\torchcodec\libtorchcodec_core5.dll' (or one of its dependencies). Try using the full path with constructor syntax.

The above exception was the direct cause of the following exception:

Traceback (most recent call last):
  File "C:\New folder (9)\New folder\Major_Project\.xtts-venv\lib\site-packages\torchcodec\_internally_replaced_utils.py", line 93, in load_torchcodec_shared_libraries
    torch.ops.load_library(core_library_path)
  File "C:\New folder (9)\New folder\Major_Project\.xtts-venv\lib\site-packages\torch\_ops.py", line 1505, in load_library
    raise OSError(f"Could not load this library: {path}") from e
OSError: Could not load this library: C:\New folder (9)\New folder\Major_Project\.xtts-venv\Lib\site-packages\torchcodec\libtorchcodec_core5.dll

FFmpeg version 4:
Traceback (most recent call last):
  File "C:\New folder (9)\New folder\Major_Project\.xtts-venv\lib\site-packages\torch\_ops.py", line 1503, in load_library
    ctypes.CDLL(path)
  File "C:\Users\Aman\AppData\Local\Programs\Python\Python310\lib\ctypes\__init__.py", line 374, in __init__
    self._handle = _dlopen(self._name, mode)
FileNotFoundError: Could not find module 'C:\New folder (9)\New folder\Major_Project\.xtts-venv\Lib\site-packages\torchcodec\libtorchcodec_core4.dll' (or one of its dependencies). Try using the full path with constructor syntax.

The above exception was the direct cause of the following exception:

Traceback (most recent call last):
  File "C:\New folder (9)\New folder\Major_Project\.xtts-venv\lib\site-packages\torchcodec\_internally_replaced_utils.py", line 93, in load_torchcodec_shared_libraries
    torch.ops.load_library(core_library_path)
  File "C:\New folder (9)\New folder\Major_Project\.xtts-venv\lib\site-packages\torch\_ops.py", line 1505, in load_library
    raise OSError(f"Could not load this library: {path}") from e
OSError: Could not load this library: C:\New folder (9)\New folder\Major_Project\.xtts-venv\Lib\site-packages\torchcodec\libtorchcodec_core4.dll
[end of libtorchcodec loading traceback].
